<?xml version="1.0" encoding="UTF-8"?>
<robot generator="Robot 6.1.1 (Python 3.11.2 on win32)" generated="20231104 13:02:41.334" rpa="false" schemaversion="4">
<suite id="s1" name="Pierwszyrobot" source="C:\Users\luksa\PycharmProjects\selenium_2023.10.28\pierwszyrobot.robot">
<test id="s1-t1" name="Successful login" line="20">
<kw name="Log In Wikipedia">
<arg>RobotTests</arg>
<arg>RobotFramework</arg>
<kw name="Open Browser" library="SeleniumLibrary">
<arg>https://pl.wikipedia.org</arg>
<arg>chrome</arg>
<doc>Opens a new browser instance to the optional ``url``.</doc>
<msg timestamp="20231104 13:02:41.584" level="INFO">Opening browser 'chrome' to base url 'https://pl.wikipedia.org'.</msg>
<status status="PASS" starttime="20231104 13:02:41.583" endtime="20231104 13:02:44.967"/>
</kw>
<kw name="Maximize Browser Window" library="SeleniumLibrary">
<doc>Maximizes current browser window.</doc>
<status status="PASS" starttime="20231104 13:02:44.967" endtime="20231104 13:02:45.091"/>
</kw>
<kw name="Run Keyword And Ignore Error" library="BuiltIn">
<arg>Click Element</arg>
<arg>id:nieistniejace</arg>
<doc>Runs the given keyword with the given arguments and ignores possible error.</doc>
<kw name="Click Element" library="SeleniumLibrary">
<arg>id:nieistniejace</arg>
<doc>Click the element identified by ``locator``.</doc>
<msg timestamp="20231104 13:02:45.092" level="INFO">Clicking element 'id:nieistniejace'.</msg>
<msg timestamp="20231104 13:02:45.251" level="INFO" html="true">&lt;/td&gt;&lt;/tr&gt;&lt;tr&gt;&lt;td colspan="3"&gt;&lt;a href="selenium-screenshot-3.png"&gt;&lt;img src="selenium-screenshot-3.png" width="800px"&gt;&lt;/a&gt;</msg>
<msg timestamp="20231104 13:02:45.251" level="FAIL">Element with locator 'id:nieistniejace' not found.</msg>
<status status="FAIL" starttime="20231104 13:02:45.092" endtime="20231104 13:02:45.253"/>
</kw>
<status status="PASS" starttime="20231104 13:02:45.091" endtime="20231104 13:02:45.253"/>
</kw>
<kw name="Wait Until Element Is Visible" library="SeleniumLibrary">
<arg>id:pt-login-2</arg>
<arg>5</arg>
<doc>Waits until the element ``locator`` is visible.</doc>
<status status="PASS" starttime="20231104 13:02:45.253" endtime="20231104 13:02:45.277"/>
</kw>
<kw name="Click Element" library="SeleniumLibrary">
<arg>id:pt-login-2</arg>
<doc>Click the element identified by ``locator``.</doc>
<msg timestamp="20231104 13:02:45.277" level="INFO">Clicking element 'id:pt-login-2'.</msg>
<status status="PASS" starttime="20231104 13:02:45.277" endtime="20231104 13:02:46.525"/>
</kw>
<kw name="Input Text" library="SeleniumLibrary">
<arg>id:wpName1</arg>
<arg>${login}</arg>
<doc>Types the given ``text`` into the text field identified by ``locator``.</doc>
<msg timestamp="20231104 13:02:46.525" level="INFO">Typing text 'RobotTests' into text field 'id:wpName1'.</msg>
<status status="PASS" starttime="20231104 13:02:46.525" endtime="20231104 13:02:46.601"/>
</kw>
<kw name="Input Password" library="SeleniumLibrary">
<arg>id:wpPassword1</arg>
<arg>${password}</arg>
<doc>Types the given password into the text field identified by ``locator``.</doc>
<msg timestamp="20231104 13:02:46.602" level="INFO">Typing password into text field 'id:wpPassword1'.</msg>
<msg timestamp="20231104 13:02:46.628" level="INFO">Temporally setting log level to: NONE</msg>
<msg timestamp="20231104 13:02:46.686" level="INFO">Log level changed from NONE to INFO.</msg>
<status status="PASS" starttime="20231104 13:02:46.601" endtime="20231104 13:02:46.686"/>
</kw>
<kw name="Click Button" library="SeleniumLibrary">
<arg>id:wpLoginAttempt</arg>
<doc>Clicks the button identified by ``locator``.</doc>
<msg timestamp="20231104 13:02:46.687" level="INFO">Clicking button 'id:wpLoginAttempt'.</msg>
<status status="PASS" starttime="20231104 13:02:46.686" endtime="20231104 13:02:51.871"/>
</kw>
<kw name="Sleep" library="BuiltIn">
<arg>2</arg>
<doc>Pauses the test executed for the given time.</doc>
<msg timestamp="20231104 13:02:53.871" level="INFO">Slept 2 seconds</msg>
<status status="PASS" starttime="20231104 13:02:51.871" endtime="20231104 13:02:53.871"/>
</kw>
<status status="PASS" starttime="20231104 13:02:41.583" endtime="20231104 13:02:53.871"/>
</kw>
<kw name="Input Text" library="SeleniumLibrary">
<arg>name:search</arg>
<arg>Teoria Wielkiego Podrywu</arg>
<doc>Types the given ``text`` into the text field identified by ``locator``.</doc>
<msg timestamp="20231104 13:02:53.872" level="INFO">Typing text 'Teoria Wielkiego Podrywu' into text field 'name:search'.</msg>
<status status="PASS" starttime="20231104 13:02:53.872" endtime="20231104 13:02:53.965"/>
</kw>
<kw name="Click Button" library="SeleniumLibrary">
<arg>xpath=/html/body/div[1]/header/div[2]/div/div/div/form/div/button</arg>
<doc>Clicks the button identified by ``locator``.</doc>
<msg timestamp="20231104 13:02:53.966" level="INFO">Clicking button 'xpath=/html/body/div[1]/header/div[2]/div/div/div/form/div/button'.</msg>
<status status="PASS" starttime="20231104 13:02:53.966" endtime="20231104 13:02:56.354"/>
</kw>
<kw name="Close Browser" library="SeleniumLibrary">
<doc>Closes the current browser.</doc>
<status status="PASS" starttime="20231104 13:02:56.354" endtime="20231104 13:02:58.500"/>
</kw>
<status status="PASS" starttime="20231104 13:02:41.582" endtime="20231104 13:02:58.500"/>
</test>
<test id="s1-t2" name="Unsuccessful login" line="25">
<kw name="Log In Wikipedia">
<arg>xxxx</arg>
<arg>xxxx</arg>
<kw name="Open Browser" library="SeleniumLibrary">
<arg>https://pl.wikipedia.org</arg>
<arg>chrome</arg>
<doc>Opens a new browser instance to the optional ``url``.</doc>
<msg timestamp="20231104 13:02:58.502" level="INFO">Opening browser 'chrome' to base url 'https://pl.wikipedia.org'.</msg>
<status status="PASS" starttime="20231104 13:02:58.501" endtime="20231104 13:03:01.314"/>
</kw>
<kw name="Maximize Browser Window" library="SeleniumLibrary">
<doc>Maximizes current browser window.</doc>
<status status="PASS" starttime="20231104 13:03:01.314" endtime="20231104 13:03:01.439"/>
</kw>
<kw name="Run Keyword And Ignore Error" library="BuiltIn">
<arg>Click Element</arg>
<arg>id:nieistniejace</arg>
<doc>Runs the given keyword with the given arguments and ignores possible error.</doc>
<kw name="Click Element" library="SeleniumLibrary">
<arg>id:nieistniejace</arg>
<doc>Click the element identified by ``locator``.</doc>
<msg timestamp="20231104 13:03:01.440" level="INFO">Clicking element 'id:nieistniejace'.</msg>
<msg timestamp="20231104 13:03:01.598" level="INFO" html="true">&lt;/td&gt;&lt;/tr&gt;&lt;tr&gt;&lt;td colspan="3"&gt;&lt;a href="selenium-screenshot-4.png"&gt;&lt;img src="selenium-screenshot-4.png" width="800px"&gt;&lt;/a&gt;</msg>
<msg timestamp="20231104 13:03:01.598" level="FAIL">Element with locator 'id:nieistniejace' not found.</msg>
<status status="FAIL" starttime="20231104 13:03:01.440" endtime="20231104 13:03:01.599"/>
</kw>
<status status="PASS" starttime="20231104 13:03:01.440" endtime="20231104 13:03:01.599"/>
</kw>
<kw name="Wait Until Element Is Visible" library="SeleniumLibrary">
<arg>id:pt-login-2</arg>
<arg>5</arg>
<doc>Waits until the element ``locator`` is visible.</doc>
<status status="PASS" starttime="20231104 13:03:01.599" endtime="20231104 13:03:01.621"/>
</kw>
<kw name="Click Element" library="SeleniumLibrary">
<arg>id:pt-login-2</arg>
<doc>Click the element identified by ``locator``.</doc>
<msg timestamp="20231104 13:03:01.621" level="INFO">Clicking element 'id:pt-login-2'.</msg>
<status status="PASS" starttime="20231104 13:03:01.621" endtime="20231104 13:03:03.413"/>
</kw>
<kw name="Input Text" library="SeleniumLibrary">
<arg>id:wpName1</arg>
<arg>${login}</arg>
<doc>Types the given ``text`` into the text field identified by ``locator``.</doc>
<msg timestamp="20231104 13:03:03.414" level="INFO">Typing text 'xxxx' into text field 'id:wpName1'.</msg>
<status status="PASS" starttime="20231104 13:03:03.413" endtime="20231104 13:03:03.491"/>
</kw>
<kw name="Input Password" library="SeleniumLibrary">
<arg>id:wpPassword1</arg>
<arg>${password}</arg>
<doc>Types the given password into the text field identified by ``locator``.</doc>
<msg timestamp="20231104 13:03:03.491" level="INFO">Typing password into text field 'id:wpPassword1'.</msg>
<msg timestamp="20231104 13:03:03.520" level="INFO">Temporally setting log level to: NONE</msg>
<msg timestamp="20231104 13:03:03.567" level="INFO">Log level changed from NONE to INFO.</msg>
<status status="PASS" starttime="20231104 13:03:03.491" endtime="20231104 13:03:03.567"/>
</kw>
<kw name="Click Button" library="SeleniumLibrary">
<arg>id:wpLoginAttempt</arg>
<doc>Clicks the button identified by ``locator``.</doc>
<msg timestamp="20231104 13:03:03.568" level="INFO">Clicking button 'id:wpLoginAttempt'.</msg>
<status status="PASS" starttime="20231104 13:03:03.568" endtime="20231104 13:03:04.338"/>
</kw>
<kw name="Sleep" library="BuiltIn">
<arg>2</arg>
<doc>Pauses the test executed for the given time.</doc>
<msg timestamp="20231104 13:03:06.340" level="INFO">Slept 2 seconds</msg>
<status status="PASS" starttime="20231104 13:03:04.338" endtime="20231104 13:03:06.340"/>
</kw>
<status status="PASS" starttime="20231104 13:02:58.501" endtime="20231104 13:03:06.340"/>
</kw>
<kw name="Get Text" library="SeleniumLibrary">
<var>${my_error_message}</var>
<arg>xpath=//*[@id="userloginForm"]/form/div[1]/div</arg>
<doc>Returns the text value of the element identified by ``locator``.</doc>
<msg timestamp="20231104 13:03:06.362" level="INFO">${my_error_message} = Podany login lub hasło są nieprawidłowe. Spróbuj jeszcze raz.</msg>
<status status="PASS" starttime="20231104 13:03:06.340" endtime="20231104 13:03:06.362"/>
</kw>
<kw name="Log" library="BuiltIn">
<arg>${my_error_message}</arg>
<doc>Logs the given message with the given level.</doc>
<msg timestamp="20231104 13:03:06.363" level="INFO">Podany login lub hasło są nieprawidłowe. Spróbuj jeszcze raz.</msg>
<status status="PASS" starttime="20231104 13:03:06.363" endtime="20231104 13:03:06.363"/>
</kw>
<kw name="Log To Console" library="BuiltIn">
<arg>${my_error_message}</arg>
<doc>Logs the given message to the console.</doc>
<status status="PASS" starttime="20231104 13:03:06.363" endtime="20231104 13:03:06.363"/>
</kw>
<kw name="Should Be Equal As Strings" library="BuiltIn">
<arg>${my_error_message}</arg>
<arg>${error_message}</arg>
<doc>Fails if objects are unequal after converting them to strings.</doc>
<msg timestamp="20231104 13:03:06.364" level="FAIL">Podany login lub hasło są nieprawidłowe. Spróbuj jeszcze raz. != Podany login lub hasło są nieprawidłowe. Spróbuj jeszcze raz później.</msg>
<status status="FAIL" starttime="20231104 13:03:06.363" endtime="20231104 13:03:06.364"/>
</kw>
<kw name="Close Browser" library="SeleniumLibrary">
<doc>Closes the current browser.</doc>
<status status="NOT RUN" starttime="20231104 13:03:06.364" endtime="20231104 13:03:06.364"/>
</kw>
<status status="FAIL" starttime="20231104 13:02:58.501" endtime="20231104 13:03:06.364">Podany login lub hasło są nieprawidłowe. Spróbuj jeszcze raz. != Podany login lub hasło są nieprawidłowe. Spróbuj jeszcze raz później.</status>
</test>
<status status="FAIL" starttime="20231104 13:02:41.336" endtime="20231104 13:03:06.365"/>
</suite>
<statistics>
<total>
<stat pass="1" fail="1" skip="0">All Tests</stat>
</total>
<tag>
</tag>
<suite>
<stat pass="1" fail="1" skip="0" id="s1" name="Pierwszyrobot">Pierwszyrobot</stat>
</suite>
</statistics>
<errors>
</errors>
</robot>
